2018-04-11 16:16:20,518 [WARN] from application in play-dev-mode-akka.actor.default-dispatcher-3 - Using the following cache for assets configuration:
	 enabledCaching = false
	 enabledCacheControl = false
	 defaultCacheControl = public, max-age=3600
	 aggressiveCacheControl = public, max-age=31536000, immutable
	 configuredCacheControl:


2018-04-11 16:16:20,678 [INFO] from play.api.http.EnabledFilters in play-dev-mode-akka.actor.default-dispatcher-3 - Enabled Filters (see <https://www.playframework.com/documentation/latest/Filters>):

    play.filters.csrf.CSRFFilter
    play.filters.headers.SecurityHeadersFilter
    play.filters.hosts.AllowedHostsFilter

2018-04-11 16:16:20,780 [INFO] from play.api.Play in play-dev-mode-akka.actor.default-dispatcher-3 - Application started (Dev)
2018-04-11 16:16:21,160 [WARN] from play.api.mvc.DefaultJWTCookieDataCodec in application-akka.actor.default-dispatcher-7 - decode: cookie has invalid signature! message = JWT signature does not match locally computed signature. JWT validity cannot be asserted and should not be trusted.
2018-04-11 16:16:21,162 [INFO] from play.api.mvc.DefaultJWTCookieDataCodec in application-akka.actor.default-dispatcher-7 - The JWT signature in the cookie does not match the locally computed signature with the server.
This usually indicates the browser has a leftover cookie from another Play application,
so clearing cookies may resolve this error message.
2018-04-11 16:16:22,505 [WARN] from play.api.mvc.DefaultJWTCookieDataCodec in application-akka.actor.default-dispatcher-3 - decode: cookie has invalid signature! message = JWT signature does not match locally computed signature. JWT validity cannot be asserted and should not be trusted.
2018-04-11 16:16:22,506 [WARN] from play.api.mvc.DefaultJWTCookieDataCodec in application-akka.actor.default-dispatcher-7 - decode: cookie has invalid signature! message = JWT signature does not match locally computed signature. JWT validity cannot be asserted and should not be trusted.
2018-04-11 16:16:22,506 [INFO] from play.api.mvc.DefaultJWTCookieDataCodec in application-akka.actor.default-dispatcher-7 - The JWT signature in the cookie does not match the locally computed signature with the server.
This usually indicates the browser has a leftover cookie from another Play application,
so clearing cookies may resolve this error message.
2018-04-11 16:16:22,510 [INFO] from play.api.mvc.DefaultJWTCookieDataCodec in application-akka.actor.default-dispatcher-3 - The JWT signature in the cookie does not match the locally computed signature with the server.
This usually indicates the browser has a leftover cookie from another Play application,
so clearing cookies may resolve this error message.
2018-04-11 16:16:22,534 [WARN] from play.api.mvc.DefaultJWTCookieDataCodec in application-akka.actor.default-dispatcher-2 - decode: cookie has invalid signature! message = JWT signature does not match locally computed signature. JWT validity cannot be asserted and should not be trusted.
2018-04-11 16:16:22,535 [WARN] from play.api.mvc.DefaultJWTCookieDataCodec in application-akka.actor.default-dispatcher-4 - decode: cookie has invalid signature! message = JWT signature does not match locally computed signature. JWT validity cannot be asserted and should not be trusted.
2018-04-11 16:16:22,536 [INFO] from play.api.mvc.DefaultJWTCookieDataCodec in application-akka.actor.default-dispatcher-2 - The JWT signature in the cookie does not match the locally computed signature with the server.
This usually indicates the browser has a leftover cookie from another Play application,
so clearing cookies may resolve this error message.
2018-04-11 16:16:22,537 [INFO] from play.api.mvc.DefaultJWTCookieDataCodec in application-akka.actor.default-dispatcher-4 - The JWT signature in the cookie does not match the locally computed signature with the server.
This usually indicates the browser has a leftover cookie from another Play application,
so clearing cookies may resolve this error message.
2018-04-11 16:16:23,038 [WARN] from play.api.mvc.DefaultJWTCookieDataCodec in application-akka.actor.default-dispatcher-3 - decode: cookie has invalid signature! message = JWT signature does not match locally computed signature. JWT validity cannot be asserted and should not be trusted.
2018-04-11 16:16:23,048 [INFO] from play.api.mvc.DefaultJWTCookieDataCodec in application-akka.actor.default-dispatcher-3 - The JWT signature in the cookie does not match the locally computed signature with the server.
This usually indicates the browser has a leftover cookie from another Play application,
so clearing cookies may resolve this error message.
2018-04-11 16:16:23,050 [WARN] from play.api.mvc.DefaultJWTCookieDataCodec in application-akka.actor.default-dispatcher-2 - decode: cookie has invalid signature! message = JWT signature does not match locally computed signature. JWT validity cannot be asserted and should not be trusted.
2018-04-11 16:16:23,050 [INFO] from play.api.mvc.DefaultJWTCookieDataCodec in application-akka.actor.default-dispatcher-2 - The JWT signature in the cookie does not match the locally computed signature with the server.
This usually indicates the browser has a leftover cookie from another Play application,
so clearing cookies may resolve this error message.
2018-04-11 16:16:23,059 [WARN] from play.api.mvc.DefaultJWTCookieDataCodec in application-akka.actor.default-dispatcher-6 - decode: cookie has invalid signature! message = JWT signature does not match locally computed signature. JWT validity cannot be asserted and should not be trusted.
2018-04-11 16:16:23,062 [INFO] from play.api.mvc.DefaultJWTCookieDataCodec in application-akka.actor.default-dispatcher-6 - The JWT signature in the cookie does not match the locally computed signature with the server.
This usually indicates the browser has a leftover cookie from another Play application,
so clearing cookies may resolve this error message.
2018-04-11 16:16:23,067 [WARN] from play.api.mvc.DefaultJWTCookieDataCodec in application-akka.actor.default-dispatcher-7 - decode: cookie has invalid signature! message = JWT signature does not match locally computed signature. JWT validity cannot be asserted and should not be trusted.
2018-04-11 16:16:23,070 [WARN] from play.api.mvc.DefaultJWTCookieDataCodec in application-akka.actor.default-dispatcher-5 - decode: cookie has invalid signature! message = JWT signature does not match locally computed signature. JWT validity cannot be asserted and should not be trusted.
2018-04-11 16:16:23,070 [WARN] from play.api.mvc.DefaultJWTCookieDataCodec in application-akka.actor.default-dispatcher-4 - decode: cookie has invalid signature! message = JWT signature does not match locally computed signature. JWT validity cannot be asserted and should not be trusted.
2018-04-11 16:16:23,070 [INFO] from play.api.mvc.DefaultJWTCookieDataCodec in application-akka.actor.default-dispatcher-4 - The JWT signature in the cookie does not match the locally computed signature with the server.
This usually indicates the browser has a leftover cookie from another Play application,
so clearing cookies may resolve this error message.
2018-04-11 16:16:23,072 [INFO] from play.api.mvc.DefaultJWTCookieDataCodec in application-akka.actor.default-dispatcher-5 - The JWT signature in the cookie does not match the locally computed signature with the server.
This usually indicates the browser has a leftover cookie from another Play application,
so clearing cookies may resolve this error message.
2018-04-11 16:16:23,086 [INFO] from play.api.mvc.DefaultJWTCookieDataCodec in application-akka.actor.default-dispatcher-7 - The JWT signature in the cookie does not match the locally computed signature with the server.
This usually indicates the browser has a leftover cookie from another Play application,
so clearing cookies may resolve this error message.
2018-04-11 16:16:23,199 [WARN] from play.api.mvc.DefaultJWTCookieDataCodec in application-akka.actor.default-dispatcher-4 - decode: cookie has invalid signature! message = JWT signature does not match locally computed signature. JWT validity cannot be asserted and should not be trusted.
2018-04-11 16:16:23,206 [INFO] from play.api.mvc.DefaultJWTCookieDataCodec in application-akka.actor.default-dispatcher-4 - The JWT signature in the cookie does not match the locally computed signature with the server.
This usually indicates the browser has a leftover cookie from another Play application,
so clearing cookies may resolve this error message.
2018-04-11 16:16:23,209 [WARN] from play.api.mvc.DefaultJWTCookieDataCodec in application-akka.actor.default-dispatcher-2 - decode: cookie has invalid signature! message = JWT signature does not match locally computed signature. JWT validity cannot be asserted and should not be trusted.
2018-04-11 16:16:23,212 [WARN] from play.api.mvc.DefaultJWTCookieDataCodec in application-akka.actor.default-dispatcher-5 - decode: cookie has invalid signature! message = JWT signature does not match locally computed signature. JWT validity cannot be asserted and should not be trusted.
2018-04-11 16:16:23,214 [INFO] from play.api.mvc.DefaultJWTCookieDataCodec in application-akka.actor.default-dispatcher-5 - The JWT signature in the cookie does not match the locally computed signature with the server.
This usually indicates the browser has a leftover cookie from another Play application,
so clearing cookies may resolve this error message.
2018-04-11 16:16:23,218 [INFO] from play.api.mvc.DefaultJWTCookieDataCodec in application-akka.actor.default-dispatcher-2 - The JWT signature in the cookie does not match the locally computed signature with the server.
This usually indicates the browser has a leftover cookie from another Play application,
so clearing cookies may resolve this error message.
2018-04-12 15:06:37,662 [WARN] from application in play-dev-mode-akka.actor.default-dispatcher-60 - Using the following cache for assets configuration:
	 enabledCaching = false
	 enabledCacheControl = false
	 defaultCacheControl = public, max-age=3600
	 aggressiveCacheControl = public, max-age=31536000, immutable
	 configuredCacheControl:


2018-04-12 15:06:37,749 [INFO] from play.api.http.EnabledFilters in play-dev-mode-akka.actor.default-dispatcher-60 - Enabled Filters (see <https://www.playframework.com/documentation/latest/Filters>):

    play.filters.csrf.CSRFFilter
    play.filters.headers.SecurityHeadersFilter
    play.filters.hosts.AllowedHostsFilter

2018-04-12 15:06:37,764 [INFO] from play.api.Play in play-dev-mode-akka.actor.default-dispatcher-60 - Application started (Dev)
2018-04-12 15:32:03,870 [WARN] from application in play-dev-mode-akka.actor.default-dispatcher-85 - Using the following cache for assets configuration:
	 enabledCaching = false
	 enabledCacheControl = false
	 defaultCacheControl = public, max-age=3600
	 aggressiveCacheControl = public, max-age=31536000, immutable
	 configuredCacheControl:


2018-04-12 15:32:03,994 [INFO] from play.api.http.EnabledFilters in play-dev-mode-akka.actor.default-dispatcher-85 - Enabled Filters (see <https://www.playframework.com/documentation/latest/Filters>):

    play.filters.csrf.CSRFFilter
    play.filters.headers.SecurityHeadersFilter
    play.filters.hosts.AllowedHostsFilter

2018-04-12 15:32:04,025 [INFO] from play.api.Play in play-dev-mode-akka.actor.default-dispatcher-85 - Application started (Dev)
2018-04-12 15:33:19,206 [WARN] from application in play-dev-mode-akka.actor.default-dispatcher-93 - Using the following cache for assets configuration:
	 enabledCaching = false
	 enabledCacheControl = false
	 defaultCacheControl = public, max-age=3600
	 aggressiveCacheControl = public, max-age=31536000, immutable
	 configuredCacheControl:


2018-04-12 15:33:19,312 [INFO] from play.api.http.EnabledFilters in play-dev-mode-akka.actor.default-dispatcher-93 - Enabled Filters (see <https://www.playframework.com/documentation/latest/Filters>):

    play.filters.csrf.CSRFFilter
    play.filters.headers.SecurityHeadersFilter
    play.filters.hosts.AllowedHostsFilter

2018-04-12 15:33:19,332 [INFO] from play.api.Play in play-dev-mode-akka.actor.default-dispatcher-93 - Application started (Dev)
2018-04-12 16:01:09,341 [WARN] from application in play-dev-mode-akka.actor.default-dispatcher-108 - Using the following cache for assets configuration:
	 enabledCaching = false
	 enabledCacheControl = false
	 defaultCacheControl = public, max-age=3600
	 aggressiveCacheControl = public, max-age=31536000, immutable
	 configuredCacheControl:


2018-04-12 16:01:09,425 [INFO] from play.api.http.EnabledFilters in play-dev-mode-akka.actor.default-dispatcher-108 - Enabled Filters (see <https://www.playframework.com/documentation/latest/Filters>):

    play.filters.csrf.CSRFFilter
    play.filters.headers.SecurityHeadersFilter
    play.filters.hosts.AllowedHostsFilter

2018-04-12 16:01:09,434 [INFO] from play.api.Play in play-dev-mode-akka.actor.default-dispatcher-108 - Application started (Dev)
2018-04-12 16:01:52,492 [WARN] from application in play-dev-mode-akka.actor.default-dispatcher-109 - Using the following cache for assets configuration:
	 enabledCaching = false
	 enabledCacheControl = false
	 defaultCacheControl = public, max-age=3600
	 aggressiveCacheControl = public, max-age=31536000, immutable
	 configuredCacheControl:


2018-04-12 16:01:52,550 [INFO] from play.api.http.EnabledFilters in play-dev-mode-akka.actor.default-dispatcher-109 - Enabled Filters (see <https://www.playframework.com/documentation/latest/Filters>):

    play.filters.csrf.CSRFFilter
    play.filters.headers.SecurityHeadersFilter
    play.filters.hosts.AllowedHostsFilter

2018-04-12 16:01:52,563 [INFO] from play.api.Play in play-dev-mode-akka.actor.default-dispatcher-109 - Application started (Dev)
2018-04-12 16:05:10,385 [WARN] from application in play-dev-mode-akka.actor.default-dispatcher-147 - Using the following cache for assets configuration:
	 enabledCaching = false
	 enabledCacheControl = false
	 defaultCacheControl = public, max-age=3600
	 aggressiveCacheControl = public, max-age=31536000, immutable
	 configuredCacheControl:


2018-04-12 16:05:10,463 [INFO] from play.api.http.EnabledFilters in play-dev-mode-akka.actor.default-dispatcher-147 - Enabled Filters (see <https://www.playframework.com/documentation/latest/Filters>):

    play.filters.csrf.CSRFFilter
    play.filters.headers.SecurityHeadersFilter
    play.filters.hosts.AllowedHostsFilter

2018-04-12 16:05:10,473 [INFO] from play.api.Play in play-dev-mode-akka.actor.default-dispatcher-147 - Application started (Dev)
2018-04-12 16:06:14,354 [WARN] from application in play-dev-mode-akka.actor.default-dispatcher-140 - Using the following cache for assets configuration:
	 enabledCaching = false
	 enabledCacheControl = false
	 defaultCacheControl = public, max-age=3600
	 aggressiveCacheControl = public, max-age=31536000, immutable
	 configuredCacheControl:


2018-04-12 16:06:14,436 [INFO] from play.api.http.EnabledFilters in play-dev-mode-akka.actor.default-dispatcher-140 - Enabled Filters (see <https://www.playframework.com/documentation/latest/Filters>):

    play.filters.csrf.CSRFFilter
    play.filters.headers.SecurityHeadersFilter
    play.filters.hosts.AllowedHostsFilter

2018-04-12 16:06:14,455 [INFO] from play.api.Play in play-dev-mode-akka.actor.default-dispatcher-140 - Application started (Dev)
2018-04-12 16:11:29,933 [WARN] from application in play-dev-mode-akka.actor.default-dispatcher-138 - Using the following cache for assets configuration:
	 enabledCaching = false
	 enabledCacheControl = false
	 defaultCacheControl = public, max-age=3600
	 aggressiveCacheControl = public, max-age=31536000, immutable
	 configuredCacheControl:


2018-04-12 16:11:29,984 [INFO] from play.api.http.EnabledFilters in play-dev-mode-akka.actor.default-dispatcher-138 - Enabled Filters (see <https://www.playframework.com/documentation/latest/Filters>):

    play.filters.csrf.CSRFFilter
    play.filters.headers.SecurityHeadersFilter
    play.filters.hosts.AllowedHostsFilter

2018-04-12 16:11:29,996 [INFO] from play.api.Play in play-dev-mode-akka.actor.default-dispatcher-138 - Application started (Dev)
2018-04-12 16:13:52,468 [WARN] from application in play-dev-mode-akka.actor.default-dispatcher-164 - Using the following cache for assets configuration:
	 enabledCaching = false
	 enabledCacheControl = false
	 defaultCacheControl = public, max-age=3600
	 aggressiveCacheControl = public, max-age=31536000, immutable
	 configuredCacheControl:


2018-04-12 16:13:52,555 [INFO] from play.api.http.EnabledFilters in play-dev-mode-akka.actor.default-dispatcher-164 - Enabled Filters (see <https://www.playframework.com/documentation/latest/Filters>):

    play.filters.csrf.CSRFFilter
    play.filters.headers.SecurityHeadersFilter
    play.filters.hosts.AllowedHostsFilter

2018-04-12 16:13:52,563 [INFO] from play.api.Play in play-dev-mode-akka.actor.default-dispatcher-164 - Application started (Dev)
2018-04-12 16:17:40,065 [WARN] from application in play-dev-mode-akka.actor.default-dispatcher-155 - Using the following cache for assets configuration:
	 enabledCaching = false
	 enabledCacheControl = false
	 defaultCacheControl = public, max-age=3600
	 aggressiveCacheControl = public, max-age=31536000, immutable
	 configuredCacheControl:


2018-04-12 16:17:40,140 [INFO] from play.api.http.EnabledFilters in play-dev-mode-akka.actor.default-dispatcher-155 - Enabled Filters (see <https://www.playframework.com/documentation/latest/Filters>):

    play.filters.csrf.CSRFFilter
    play.filters.headers.SecurityHeadersFilter
    play.filters.hosts.AllowedHostsFilter

2018-04-12 16:17:40,150 [INFO] from play.api.Play in play-dev-mode-akka.actor.default-dispatcher-155 - Application started (Dev)
2018-04-12 16:21:30,331 [WARN] from application in play-dev-mode-akka.actor.default-dispatcher-178 - Using the following cache for assets configuration:
	 enabledCaching = false
	 enabledCacheControl = false
	 defaultCacheControl = public, max-age=3600
	 aggressiveCacheControl = public, max-age=31536000, immutable
	 configuredCacheControl:


2018-04-12 16:21:30,399 [INFO] from play.api.http.EnabledFilters in play-dev-mode-akka.actor.default-dispatcher-178 - Enabled Filters (see <https://www.playframework.com/documentation/latest/Filters>):

    play.filters.csrf.CSRFFilter
    play.filters.headers.SecurityHeadersFilter
    play.filters.hosts.AllowedHostsFilter

2018-04-12 16:21:30,408 [INFO] from play.api.Play in play-dev-mode-akka.actor.default-dispatcher-178 - Application started (Dev)
2018-04-12 16:23:09,140 [WARN] from application in play-dev-mode-akka.actor.default-dispatcher-185 - Using the following cache for assets configuration:
	 enabledCaching = false
	 enabledCacheControl = false
	 defaultCacheControl = public, max-age=3600
	 aggressiveCacheControl = public, max-age=31536000, immutable
	 configuredCacheControl:


2018-04-12 16:23:09,203 [INFO] from play.api.http.EnabledFilters in play-dev-mode-akka.actor.default-dispatcher-185 - Enabled Filters (see <https://www.playframework.com/documentation/latest/Filters>):

    play.filters.csrf.CSRFFilter
    play.filters.headers.SecurityHeadersFilter
    play.filters.hosts.AllowedHostsFilter

2018-04-12 16:23:09,209 [INFO] from play.api.Play in play-dev-mode-akka.actor.default-dispatcher-185 - Application started (Dev)
2018-04-12 16:32:20,839 [WARN] from application in play-dev-mode-akka.actor.default-dispatcher-190 - Using the following cache for assets configuration:
	 enabledCaching = false
	 enabledCacheControl = false
	 defaultCacheControl = public, max-age=3600
	 aggressiveCacheControl = public, max-age=31536000, immutable
	 configuredCacheControl:


2018-04-12 16:32:20,904 [INFO] from play.api.http.EnabledFilters in play-dev-mode-akka.actor.default-dispatcher-190 - Enabled Filters (see <https://www.playframework.com/documentation/latest/Filters>):

    play.filters.csrf.CSRFFilter
    play.filters.headers.SecurityHeadersFilter
    play.filters.hosts.AllowedHostsFilter

2018-04-12 16:32:20,922 [INFO] from play.api.Play in play-dev-mode-akka.actor.default-dispatcher-190 - Application started (Dev)
2018-04-12 16:38:55,982 [WARN] from application in play-dev-mode-akka.actor.default-dispatcher-208 - Using the following cache for assets configuration:
	 enabledCaching = false
	 enabledCacheControl = false
	 defaultCacheControl = public, max-age=3600
	 aggressiveCacheControl = public, max-age=31536000, immutable
	 configuredCacheControl:


2018-04-12 16:38:56,042 [INFO] from play.api.http.EnabledFilters in play-dev-mode-akka.actor.default-dispatcher-208 - Enabled Filters (see <https://www.playframework.com/documentation/latest/Filters>):

    play.filters.csrf.CSRFFilter
    play.filters.headers.SecurityHeadersFilter
    play.filters.hosts.AllowedHostsFilter

2018-04-12 16:38:56,054 [INFO] from play.api.Play in play-dev-mode-akka.actor.default-dispatcher-208 - Application started (Dev)
2018-04-13 16:19:15,677 [WARN] from application in play-dev-mode-akka.actor.default-dispatcher-214 - Using the following cache for assets configuration:
	 enabledCaching = false
	 enabledCacheControl = false
	 defaultCacheControl = public, max-age=3600
	 aggressiveCacheControl = public, max-age=31536000, immutable
	 configuredCacheControl:


2018-04-13 16:19:15,854 [INFO] from play.api.http.EnabledFilters in play-dev-mode-akka.actor.default-dispatcher-214 - Enabled Filters (see <https://www.playframework.com/documentation/latest/Filters>):

    play.filters.csrf.CSRFFilter
    play.filters.headers.SecurityHeadersFilter
    play.filters.hosts.AllowedHostsFilter

2018-04-13 16:19:15,871 [INFO] from play.api.Play in play-dev-mode-akka.actor.default-dispatcher-214 - Application started (Dev)
2018-04-13 16:27:52,463 [WARN] from application in play-dev-mode-akka.actor.default-dispatcher-243 - Using the following cache for assets configuration:
	 enabledCaching = false
	 enabledCacheControl = false
	 defaultCacheControl = public, max-age=3600
	 aggressiveCacheControl = public, max-age=31536000, immutable
	 configuredCacheControl:


2018-04-13 16:27:52,531 [INFO] from play.api.http.EnabledFilters in play-dev-mode-akka.actor.default-dispatcher-243 - Enabled Filters (see <https://www.playframework.com/documentation/latest/Filters>):

    play.filters.csrf.CSRFFilter
    play.filters.headers.SecurityHeadersFilter
    play.filters.hosts.AllowedHostsFilter

2018-04-13 16:27:52,535 [INFO] from play.api.Play in play-dev-mode-akka.actor.default-dispatcher-243 - Application started (Dev)
2018-04-13 16:29:43,717 [WARN] from application in play-dev-mode-akka.actor.default-dispatcher-258 - Using the following cache for assets configuration:
	 enabledCaching = false
	 enabledCacheControl = false
	 defaultCacheControl = public, max-age=3600
	 aggressiveCacheControl = public, max-age=31536000, immutable
	 configuredCacheControl:


2018-04-13 16:29:43,774 [INFO] from play.api.http.EnabledFilters in play-dev-mode-akka.actor.default-dispatcher-258 - Enabled Filters (see <https://www.playframework.com/documentation/latest/Filters>):

    play.filters.csrf.CSRFFilter
    play.filters.headers.SecurityHeadersFilter
    play.filters.hosts.AllowedHostsFilter

2018-04-13 16:29:43,779 [INFO] from play.api.Play in play-dev-mode-akka.actor.default-dispatcher-258 - Application started (Dev)
